<?xml version="1.0" encoding="UTF-8"?>
<testng-results ignored="0" total="2" passed="2" failed="0" skipped="0">
  <reporter-output>
  </reporter-output>
  <suite started-at="2023-03-22T05:20:55Z" name="Default suite" finished-at="2023-03-22T05:21:04Z" duration-ms="9336">
    <groups>
      <group name="cucumber">
        <method signature="AbstractTestNGCucumberTests.runScenario(io.cucumber.testng.PickleEventWrapper, io.cucumber.testng.CucumberFeatureWrapper)[pri:0, instance:com.runner.TestRunner@10a9d961]" name="runScenario" class="io.cucumber.testng.AbstractTestNGCucumberTests"/>
      </group> <!-- cucumber -->
    </groups>
    <test started-at="2023-03-22T05:20:55Z" name="Default test" finished-at="2023-03-22T05:21:04Z" duration-ms="9336">
      <class name="com.runner.TestRunner">
        <test-method is-config="true" signature="setUpClass()[pri:0, instance:com.runner.TestRunner@10a9d961]" started-at="2023-03-22T05:20:55Z" name="setUpClass" finished-at="2023-03-22T05:20:55Z" duration-ms="134" status="PASS">
          <reporter-output>
          </reporter-output>
        </test-method> <!-- setUpClass -->
        <test-method signature="runScenario(io.cucumber.testng.PickleEventWrapper, io.cucumber.testng.CucumberFeatureWrapper)[pri:0, instance:com.runner.TestRunner@10a9d961]" started-at="2023-03-22T05:20:55Z" name="runScenario" description="Runs Cucumber Scenarios" data-provider="scenarios" finished-at="2023-03-22T05:21:00Z" duration-ms="4879" status="PASS">
          <params>
            <param index="0">
              <value>
                <![CDATA["Fb page Title Validation"]]>
              </value>
            </param>
            <param index="1">
              <value>
                <![CDATA["Validating fb page"]]>
              </value>
            </param>
          </params>
          <reporter-output>
          </reporter-output>
        </test-method> <!-- runScenario -->
        <test-method signature="runScenario(io.cucumber.testng.PickleEventWrapper, io.cucumber.testng.CucumberFeatureWrapper)[pri:0, instance:com.runner.TestRunner@10a9d961]" started-at="2023-03-22T05:21:00Z" name="runScenario" description="Runs Cucumber Scenarios" data-provider="scenarios" finished-at="2023-03-22T05:21:04Z" duration-ms="4234" status="PASS">
          <params>
            <param index="0">
              <value>
                <![CDATA["Fb page URL validation"]]>
              </value>
            </param>
            <param index="1">
              <value>
                <![CDATA["Validating fb page"]]>
              </value>
            </param>
          </params>
          <reporter-output>
          </reporter-output>
        </test-method> <!-- runScenario -->
        <test-method is-config="true" signature="tearDownClass()[pri:0, instance:com.runner.TestRunner@10a9d961]" started-at="2023-03-22T05:21:04Z" name="tearDownClass" finished-at="2023-03-22T05:21:04Z" duration-ms="38" status="PASS">
          <reporter-output>
          </reporter-output>
        </test-method> <!-- tearDownClass -->
      </class> <!-- com.runner.TestRunner -->
    </test> <!-- Default test -->
  </suite> <!-- Default suite -->
</testng-results>
